Build started 6/11/2013 4:39:23 PM.
     1>Project "D:\Projects\Bubbles\Bubbles\Bubbles\Bubbles.vcxproj" on node 2 (build target(s)).
     1>InitializeBuildStatus:
         Touching "Debug\Bubbles.unsuccessfulbuild".
       ClCompile:
         All outputs are up-to-date.
       ManifestResourceCompile:
         All outputs are up-to-date.
       Link:
         D:\Tools\VSStudio\VC\bin\link.exe /ERRORREPORT:PROMPT /OUT:"D:\Projects\Bubbles\Bubbles\Debug\Bubbles.exe" /INCREMENTAL /NOLOGO /LIBPATH:C:\libs_home\Kinect\v1.7\lib C:\libs_home\Kinect\v1.7\lib\x86\Kinect10.lib kernel32.lib user32.lib gdi32.lib winspool.lib comdlg32.lib advapi32.lib shell32.lib ole32.lib oleaut32.lib uuid.lib odbc32.lib odbccp32.lib /MANIFEST /ManifestFile:"Debug\Bubbles.exe.intermediate.manifest" /MANIFESTUAC:"level='asInvoker' uiAccess='false'" /DEBUG /PDB:"D:\Projects\Bubbles\Bubbles\Debug\Bubbles.pdb" /SUBSYSTEM:CONSOLE /TLBID:1 /DYNAMICBASE /NXCOMPAT /IMPLIB:"D:\Projects\Bubbles\Bubbles\Debug\Bubbles.lib" /MACHINE:X86 Debug\Bubbles.exe.embed.manifest.res
         Debug\Kinect.obj
         Debug\Main.obj
       Manifest:
         C:\Program Files (x86)\Microsoft SDKs\Windows\v7.0A\bin\mt.exe /nologo /verbose /out:"Debug\Bubbles.exe.embed.manifest" /manifest Debug\Bubbles.exe.intermediate.manifest
         All outputs are up-to-date.
       LinkEmbedManifest:
         All outputs are up-to-date.
         Bubbles.vcxproj -> D:\Projects\Bubbles\Bubbles\Debug\Bubbles.exe
       FinalizeBuildStatus:
         Deleting file "Debug\Bubbles.unsuccessfulbuild".
         Touching "Debug\Bubbles.lastbuildstate".
     1>Done Building Project "D:\Projects\Bubbles\Bubbles\Bubbles\Bubbles.vcxproj" (build target(s)).

Build succeeded.

Time Elapsed 00:00:00.38
