C:\USERS\WATERDISPLAY\DESKTOP\WATERDISPLAYROOT\DEVELOPMENT\WATERDISPLAY-DEMO\RELEASE\ASYNCTRIGGEREX.OBJ
C:\USERS\WATERDISPLAY\DESKTOP\WATERDISPLAYROOT\DEVELOPMENT\WATERDISPLAY-DEMO\RELEASE\BASEAPPLICATION.OBJ
C:\USERS\WATERDISPLAY\DESKTOP\WATERDISPLAYROOT\DEVELOPMENT\WATERDISPLAY-DEMO\RELEASE\BLOB.OBJ
C:\USERS\WATERDISPLAY\DESKTOP\WATERDISPLAYROOT\DEVELOPMENT\WATERDISPLAY-DEMO\RELEASE\CAMERAMANAGER.OBJ
C:\USERS\WATERDISPLAY\DESKTOP\WATERDISPLAYROOT\DEVELOPMENT\WATERDISPLAY-DEMO\RELEASE\CAMERAOISCONTROLLER.OBJ
C:\USERS\WATERDISPLAY\DESKTOP\WATERDISPLAYROOT\DEVELOPMENT\WATERDISPLAY-DEMO\RELEASE\COMPOSITEOGREAPPLICATION.OBJ
C:\USERS\WATERDISPLAY\DESKTOP\WATERDISPLAYROOT\DEVELOPMENT\WATERDISPLAY-DEMO\RELEASE\COMTOOLKIT.OBJ
C:\USERS\WATERDISPLAY\DESKTOP\WATERDISPLAYROOT\DEVELOPMENT\WATERDISPLAY-DEMO\RELEASE\CYCLEOUTPUT.OBJ
C:\USERS\WATERDISPLAY\DESKTOP\WATERDISPLAYROOT\DEVELOPMENT\WATERDISPLAY-DEMO\RELEASE\HOMOGRAPHY.OBJ
C:\USERS\WATERDISPLAY\DESKTOP\WATERDISPLAYROOT\DEVELOPMENT\WATERDISPLAY-DEMO\RELEASE\ICALLIBRATIONENGINE.OBJ
C:\USERS\WATERDISPLAY\DESKTOP\WATERDISPLAYROOT\DEVELOPMENT\WATERDISPLAY-DEMO\RELEASE\ICLOCK.OBJ
C:\USERS\WATERDISPLAY\DESKTOP\WATERDISPLAYROOT\DEVELOPMENT\WATERDISPLAY-DEMO\RELEASE\IEVENTPRODUCER.OBJ
C:\USERS\WATERDISPLAY\DESKTOP\WATERDISPLAYROOT\DEVELOPMENT\WATERDISPLAY-DEMO\RELEASE\IMAGEPROCESSER.OBJ
C:\USERS\WATERDISPLAY\DESKTOP\WATERDISPLAYROOT\DEVELOPMENT\WATERDISPLAY-DEMO\RELEASE\INPUTMANAGER.OBJ
C:\USERS\WATERDISPLAY\DESKTOP\WATERDISPLAYROOT\DEVELOPMENT\WATERDISPLAY-DEMO\RELEASE\INPUTSENSOR.OBJ
C:\USERS\WATERDISPLAY\DESKTOP\WATERDISPLAYROOT\DEVELOPMENT\WATERDISPLAY-DEMO\RELEASE\INPUTSUBSYSTEM.OBJ
C:\USERS\WATERDISPLAY\DESKTOP\WATERDISPLAYROOT\DEVELOPMENT\WATERDISPLAY-DEMO\RELEASE\LAYERSIMULATION.OBJ
C:\USERS\WATERDISPLAY\DESKTOP\WATERDISPLAYROOT\DEVELOPMENT\WATERDISPLAY-DEMO\RELEASE\MAIN.OBJ
C:\USERS\WATERDISPLAY\DESKTOP\WATERDISPLAYROOT\DEVELOPMENT\WATERDISPLAY-DEMO\RELEASE\OPENCVCALLIBRATIONENGINEV2.OBJ
C:\USERS\WATERDISPLAY\DESKTOP\WATERDISPLAYROOT\DEVELOPMENT\WATERDISPLAY-DEMO\RELEASE\POINTGREYIMAGEPROCESSER.OBJ
C:\USERS\WATERDISPLAY\DESKTOP\WATERDISPLAYROOT\DEVELOPMENT\WATERDISPLAY-DEMO\RELEASE\RTTAPPLICATION.OBJ
C:\USERS\WATERDISPLAY\DESKTOP\WATERDISPLAYROOT\DEVELOPMENT\WATERDISPLAY-DEMO\RELEASE\SIMPLESEGMENTATION.OBJ
C:\USERS\WATERDISPLAY\DESKTOP\WATERDISPLAYROOT\DEVELOPMENT\WATERDISPLAY-DEMO\RELEASE\SIMPLESEGMENTATION2.OBJ
C:\USERS\WATERDISPLAY\DESKTOP\WATERDISPLAYROOT\DEVELOPMENT\WATERDISPLAY-DEMO\RELEASE\TUTORIALAPPLICATION.OBJ
C:\USERS\WATERDISPLAY\DESKTOP\WATERDISPLAYROOT\DEVELOPMENT\WATERDISPLAY-DEMO\RELEASE\VARIABLEPARAMETER.OBJ
C:\USERS\WATERDISPLAY\DESKTOP\WATERDISPLAYROOT\DEVELOPMENT\WATERDISPLAY-DEMO\RELEASE\VARIABLEPARAMETEREVENTOBSERVER.OBJ
C:\USERS\WATERDISPLAY\DESKTOP\WATERDISPLAYROOT\DEVELOPMENT\WATERDISPLAY-DEMO\RELEASE\VC100.PDB
C:\USERS\WATERDISPLAY\DESKTOP\WATERDISPLAYROOT\DEVELOPMENT\WATERDISPLAY-DEMO\RELEASE\VIDEOCLOCK.OBJ
C:\USERS\WATERDISPLAY\DESKTOP\WATERDISPLAYROOT\DEVELOPMENT\WATERDISPLAY-DEMO\RELEASE\WATERDISPLAY.EXE
C:\USERS\WATERDISPLAY\DESKTOP\WATERDISPLAYROOT\DEVELOPMENT\WATERDISPLAY-DEMO\RELEASE\WATERDISPLAY.EXE.INTERMEDIATE.MANIFEST
C:\USERS\WATERDISPLAY\DESKTOP\WATERDISPLAYROOT\DEVELOPMENT\WATERDISPLAY-DEMO\RELEASE\WATERDISPLAY.PDB
C:\USERS\WATERDISPLAY\DESKTOP\WATERDISPLAYROOT\DEVELOPMENT\WATERDISPLAY-DEMO\RELEASE\WATERDISPLAYINFO.OBJ
C:\USERS\WATERDISPLAY\DESKTOP\WATERDISPLAYROOT\DEVELOPMENT\WATERDISPLAY-DEMO\RELEASE\WDDLAYER.OBJ
C:\USERS\WATERDISPLAY\DESKTOP\WATERDISPLAYROOT\DEVELOPMENT\WATERDISPLAY-DEMO\RELEASE\XMOSCONFIG.OBJ
C:\USERS\WATERDISPLAY\DESKTOP\WATERDISPLAYROOT\DEVELOPMENT\WATERDISPLAY-DEMO\RELEASE\XMOSCONTROLPLUGIN.OBJ
C:\USERS\WATERDISPLAY\DESKTOP\WATERDISPLAYROOT\DEVELOPMENT\WATERDISPLAYKERNELCONFIGFILE-PLAY (10-9-12)\RELEASE\ASYNCTRIGGEREX.OBJ
C:\USERS\WATERDISPLAY\DESKTOP\WATERDISPLAYROOT\DEVELOPMENT\WATERDISPLAYKERNELCONFIGFILE-PLAY (10-9-12)\RELEASE\BASEAPPLICATION.OBJ
C:\USERS\WATERDISPLAY\DESKTOP\WATERDISPLAYROOT\DEVELOPMENT\WATERDISPLAYKERNELCONFIGFILE-PLAY (10-9-12)\RELEASE\BLOB.OBJ
C:\USERS\WATERDISPLAY\DESKTOP\WATERDISPLAYROOT\DEVELOPMENT\WATERDISPLAYKERNELCONFIGFILE-PLAY (10-9-12)\RELEASE\CAMERAMANAGER.OBJ
C:\USERS\WATERDISPLAY\DESKTOP\WATERDISPLAYROOT\DEVELOPMENT\WATERDISPLAYKERNELCONFIGFILE-PLAY (10-9-12)\RELEASE\CAMERAOISCONTROLLER.OBJ
C:\USERS\WATERDISPLAY\DESKTOP\WATERDISPLAYROOT\DEVELOPMENT\WATERDISPLAYKERNELCONFIGFILE-PLAY (10-9-12)\RELEASE\COMPOSITEOGREAPPLICATION.OBJ
C:\USERS\WATERDISPLAY\DESKTOP\WATERDISPLAYROOT\DEVELOPMENT\WATERDISPLAYKERNELCONFIGFILE-PLAY (10-9-12)\RELEASE\COMTOOLKIT.OBJ
C:\USERS\WATERDISPLAY\DESKTOP\WATERDISPLAYROOT\DEVELOPMENT\WATERDISPLAYKERNELCONFIGFILE-PLAY (10-9-12)\RELEASE\CYCLEOUTPUT.OBJ
C:\USERS\WATERDISPLAY\DESKTOP\WATERDISPLAYROOT\DEVELOPMENT\WATERDISPLAYKERNELCONFIGFILE-PLAY (10-9-12)\RELEASE\HOMOGRAPHY.OBJ
C:\USERS\WATERDISPLAY\DESKTOP\WATERDISPLAYROOT\DEVELOPMENT\WATERDISPLAYKERNELCONFIGFILE-PLAY (10-9-12)\RELEASE\ICALLIBRATIONENGINE.OBJ
C:\USERS\WATERDISPLAY\DESKTOP\WATERDISPLAYROOT\DEVELOPMENT\WATERDISPLAYKERNELCONFIGFILE-PLAY (10-9-12)\RELEASE\ICLOCK.OBJ
C:\USERS\WATERDISPLAY\DESKTOP\WATERDISPLAYROOT\DEVELOPMENT\WATERDISPLAYKERNELCONFIGFILE-PLAY (10-9-12)\RELEASE\IEVENTPRODUCER.OBJ
C:\USERS\WATERDISPLAY\DESKTOP\WATERDISPLAYROOT\DEVELOPMENT\WATERDISPLAYKERNELCONFIGFILE-PLAY (10-9-12)\RELEASE\IMAGEPROCESSER.OBJ
C:\USERS\WATERDISPLAY\DESKTOP\WATERDISPLAYROOT\DEVELOPMENT\WATERDISPLAYKERNELCONFIGFILE-PLAY (10-9-12)\RELEASE\INPUTMANAGER.OBJ
C:\USERS\WATERDISPLAY\DESKTOP\WATERDISPLAYROOT\DEVELOPMENT\WATERDISPLAYKERNELCONFIGFILE-PLAY (10-9-12)\RELEASE\INPUTSENSOR.OBJ
C:\USERS\WATERDISPLAY\DESKTOP\WATERDISPLAYROOT\DEVELOPMENT\WATERDISPLAYKERNELCONFIGFILE-PLAY (10-9-12)\RELEASE\INPUTSUBSYSTEM.OBJ
C:\USERS\WATERDISPLAY\DESKTOP\WATERDISPLAYROOT\DEVELOPMENT\WATERDISPLAYKERNELCONFIGFILE-PLAY (10-9-12)\RELEASE\LAYERSIMULATION.OBJ
C:\USERS\WATERDISPLAY\DESKTOP\WATERDISPLAYROOT\DEVELOPMENT\WATERDISPLAYKERNELCONFIGFILE-PLAY (10-9-12)\RELEASE\MAIN.OBJ
C:\USERS\WATERDISPLAY\DESKTOP\WATERDISPLAYROOT\DEVELOPMENT\WATERDISPLAYKERNELCONFIGFILE-PLAY (10-9-12)\RELEASE\OPENCVCALLIBRATIONENGINEV2.OBJ
C:\USERS\WATERDISPLAY\DESKTOP\WATERDISPLAYROOT\DEVELOPMENT\WATERDISPLAYKERNELCONFIGFILE-PLAY (10-9-12)\RELEASE\POINTGREYIMAGEPROCESSER.OBJ
C:\USERS\WATERDISPLAY\DESKTOP\WATERDISPLAYROOT\DEVELOPMENT\WATERDISPLAYKERNELCONFIGFILE-PLAY (10-9-12)\RELEASE\RTTAPPLICATION.OBJ
C:\USERS\WATERDISPLAY\DESKTOP\WATERDISPLAYROOT\DEVELOPMENT\WATERDISPLAYKERNELCONFIGFILE-PLAY (10-9-12)\RELEASE\SIMPLESEGMENTATION.OBJ
C:\USERS\WATERDISPLAY\DESKTOP\WATERDISPLAYROOT\DEVELOPMENT\WATERDISPLAYKERNELCONFIGFILE-PLAY (10-9-12)\RELEASE\SIMPLESEGMENTATION2.OBJ
C:\USERS\WATERDISPLAY\DESKTOP\WATERDISPLAYROOT\DEVELOPMENT\WATERDISPLAYKERNELCONFIGFILE-PLAY (10-9-12)\RELEASE\TUTORIALAPPLICATION.OBJ
C:\USERS\WATERDISPLAY\DESKTOP\WATERDISPLAYROOT\DEVELOPMENT\WATERDISPLAYKERNELCONFIGFILE-PLAY (10-9-12)\RELEASE\VARIABLEPARAMETER.OBJ
C:\USERS\WATERDISPLAY\DESKTOP\WATERDISPLAYROOT\DEVELOPMENT\WATERDISPLAYKERNELCONFIGFILE-PLAY (10-9-12)\RELEASE\VARIABLEPARAMETEREVENTOBSERVER.OBJ
C:\USERS\WATERDISPLAY\DESKTOP\WATERDISPLAYROOT\DEVELOPMENT\WATERDISPLAYKERNELCONFIGFILE-PLAY (10-9-12)\RELEASE\VC100.PDB
C:\USERS\WATERDISPLAY\DESKTOP\WATERDISPLAYROOT\DEVELOPMENT\WATERDISPLAYKERNELCONFIGFILE-PLAY (10-9-12)\RELEASE\VIDEOCLOCK.OBJ
C:\USERS\WATERDISPLAY\DESKTOP\WATERDISPLAYROOT\DEVELOPMENT\WATERDISPLAYKERNELCONFIGFILE-PLAY (10-9-12)\RELEASE\WATERDISPLAY.EXE
C:\USERS\WATERDISPLAY\DESKTOP\WATERDISPLAYROOT\DEVELOPMENT\WATERDISPLAYKERNELCONFIGFILE-PLAY (10-9-12)\RELEASE\WATERDISPLAY.EXE.INTERMEDIATE.MANIFEST
C:\USERS\WATERDISPLAY\DESKTOP\WATERDISPLAYROOT\DEVELOPMENT\WATERDISPLAYKERNELCONFIGFILE-PLAY (10-9-12)\RELEASE\WATERDISPLAY.PDB
C:\USERS\WATERDISPLAY\DESKTOP\WATERDISPLAYROOT\DEVELOPMENT\WATERDISPLAYKERNELCONFIGFILE-PLAY (10-9-12)\RELEASE\WATERDISPLAYINFO.OBJ
C:\USERS\WATERDISPLAY\DESKTOP\WATERDISPLAYROOT\DEVELOPMENT\WATERDISPLAYKERNELCONFIGFILE-PLAY (10-9-12)\RELEASE\WDDLAYER.OBJ
C:\USERS\WATERDISPLAY\DESKTOP\WATERDISPLAYROOT\DEVELOPMENT\WATERDISPLAYKERNELCONFIGFILE-PLAY (10-9-12)\RELEASE\XMOSCONFIG.OBJ
C:\USERS\WATERDISPLAY\DESKTOP\WATERDISPLAYROOT\DEVELOPMENT\WATERDISPLAYKERNELCONFIGFILE-PLAY (10-9-12)\RELEASE\XMOSCONTROLPLUGIN.OBJ
C:\USERS\WATERDISPLAY\DESKTOP\WATERDISPLAYROOT\DEVELOPMENT\WATERDISPLAYKERNELCONFIGFILE-PLAY (1-9-12)\RELEASE\ASYNCTRIGGEREX.OBJ
C:\USERS\WATERDISPLAY\DESKTOP\WATERDISPLAYROOT\DEVELOPMENT\WATERDISPLAYKERNELCONFIGFILE-PLAY (1-9-12)\RELEASE\BASEAPPLICATION.OBJ
C:\USERS\WATERDISPLAY\DESKTOP\WATERDISPLAYROOT\DEVELOPMENT\WATERDISPLAYKERNELCONFIGFILE-PLAY (1-9-12)\RELEASE\BGFG_CODEBOOK.OBJ
C:\USERS\WATERDISPLAY\DESKTOP\WATERDISPLAYROOT\DEVELOPMENT\WATERDISPLAYKERNELCONFIGFILE-PLAY (1-9-12)\RELEASE\BLOB.OBJ
C:\USERS\WATERDISPLAY\DESKTOP\WATERDISPLAYROOT\DEVELOPMENT\WATERDISPLAYKERNELCONFIGFILE-PLAY (1-9-12)\RELEASE\CAMERAMANAGER.OBJ
C:\USERS\WATERDISPLAY\DESKTOP\WATERDISPLAYROOT\DEVELOPMENT\WATERDISPLAYKERNELCONFIGFILE-PLAY (1-9-12)\RELEASE\CAMERAOISCONTROLLER.OBJ
C:\USERS\WATERDISPLAY\DESKTOP\WATERDISPLAYROOT\DEVELOPMENT\WATERDISPLAYKERNELCONFIGFILE-PLAY (1-9-12)\RELEASE\COMPOSITEOGREAPPLICATION.OBJ
C:\USERS\WATERDISPLAY\DESKTOP\WATERDISPLAYROOT\DEVELOPMENT\WATERDISPLAYKERNELCONFIGFILE-PLAY (1-9-12)\RELEASE\COMTOOLKIT.OBJ
C:\USERS\WATERDISPLAY\DESKTOP\WATERDISPLAYROOT\DEVELOPMENT\WATERDISPLAYKERNELCONFIGFILE-PLAY (1-9-12)\RELEASE\CYCLEOUTPUT.OBJ
C:\USERS\WATERDISPLAY\DESKTOP\WATERDISPLAYROOT\DEVELOPMENT\WATERDISPLAYKERNELCONFIGFILE-PLAY (1-9-12)\RELEASE\HOMOGRAPHY.OBJ
C:\USERS\WATERDISPLAY\DESKTOP\WATERDISPLAYROOT\DEVELOPMENT\WATERDISPLAYKERNELCONFIGFILE-PLAY (1-9-12)\RELEASE\ICALLIBRATIONENGINE.OBJ
C:\USERS\WATERDISPLAY\DESKTOP\WATERDISPLAYROOT\DEVELOPMENT\WATERDISPLAYKERNELCONFIGFILE-PLAY (1-9-12)\RELEASE\ICLOCK.OBJ
C:\USERS\WATERDISPLAY\DESKTOP\WATERDISPLAYROOT\DEVELOPMENT\WATERDISPLAYKERNELCONFIGFILE-PLAY (1-9-12)\RELEASE\IEVENTPRODUCER.OBJ
C:\USERS\WATERDISPLAY\DESKTOP\WATERDISPLAYROOT\DEVELOPMENT\WATERDISPLAYKERNELCONFIGFILE-PLAY (1-9-12)\RELEASE\IMAGEPROCESSER.OBJ
C:\USERS\WATERDISPLAY\DESKTOP\WATERDISPLAYROOT\DEVELOPMENT\WATERDISPLAYKERNELCONFIGFILE-PLAY (1-9-12)\RELEASE\INPUTMANAGER.OBJ
C:\USERS\WATERDISPLAY\DESKTOP\WATERDISPLAYROOT\DEVELOPMENT\WATERDISPLAYKERNELCONFIGFILE-PLAY (1-9-12)\RELEASE\INPUTSENSOR.OBJ
C:\USERS\WATERDISPLAY\DESKTOP\WATERDISPLAYROOT\DEVELOPMENT\WATERDISPLAYKERNELCONFIGFILE-PLAY (1-9-12)\RELEASE\INPUTSUBSYSTEM.OBJ
C:\USERS\WATERDISPLAY\DESKTOP\WATERDISPLAYROOT\DEVELOPMENT\WATERDISPLAYKERNELCONFIGFILE-PLAY (1-9-12)\RELEASE\LAYERSIMULATION.OBJ
C:\USERS\WATERDISPLAY\DESKTOP\WATERDISPLAYROOT\DEVELOPMENT\WATERDISPLAYKERNELCONFIGFILE-PLAY (1-9-12)\RELEASE\MAIN.OBJ
C:\USERS\WATERDISPLAY\DESKTOP\WATERDISPLAYROOT\DEVELOPMENT\WATERDISPLAYKERNELCONFIGFILE-PLAY (1-9-12)\RELEASE\OPENCVCALLIBRATIONENGINEV2.OBJ
C:\USERS\WATERDISPLAY\DESKTOP\WATERDISPLAYROOT\DEVELOPMENT\WATERDISPLAYKERNELCONFIGFILE-PLAY (1-9-12)\RELEASE\POINTGREYIMAGEPROCESSER.OBJ
C:\USERS\WATERDISPLAY\DESKTOP\WATERDISPLAYROOT\DEVELOPMENT\WATERDISPLAYKERNELCONFIGFILE-PLAY (1-9-12)\RELEASE\RTTAPPLICATION.OBJ
C:\USERS\WATERDISPLAY\DESKTOP\WATERDISPLAYROOT\DEVELOPMENT\WATERDISPLAYKERNELCONFIGFILE-PLAY (1-9-12)\RELEASE\SIMPLESEGMENTATION.OBJ
C:\USERS\WATERDISPLAY\DESKTOP\WATERDISPLAYROOT\DEVELOPMENT\WATERDISPLAYKERNELCONFIGFILE-PLAY (1-9-12)\RELEASE\SIMPLESEGMENTATION2.OBJ
C:\USERS\WATERDISPLAY\DESKTOP\WATERDISPLAYROOT\DEVELOPMENT\WATERDISPLAYKERNELCONFIGFILE-PLAY (1-9-12)\RELEASE\TUTORIALAPPLICATION.OBJ
C:\USERS\WATERDISPLAY\DESKTOP\WATERDISPLAYROOT\DEVELOPMENT\WATERDISPLAYKERNELCONFIGFILE-PLAY (1-9-12)\RELEASE\VARIABLEPARAMETER.OBJ
C:\USERS\WATERDISPLAY\DESKTOP\WATERDISPLAYROOT\DEVELOPMENT\WATERDISPLAYKERNELCONFIGFILE-PLAY (1-9-12)\RELEASE\VARIABLEPARAMETEREVENTOBSERVER.OBJ
C:\USERS\WATERDISPLAY\DESKTOP\WATERDISPLAYROOT\DEVELOPMENT\WATERDISPLAYKERNELCONFIGFILE-PLAY (1-9-12)\RELEASE\VC100.PDB
C:\USERS\WATERDISPLAY\DESKTOP\WATERDISPLAYROOT\DEVELOPMENT\WATERDISPLAYKERNELCONFIGFILE-PLAY (1-9-12)\RELEASE\VIDEOCLOCK.OBJ
C:\USERS\WATERDISPLAY\DESKTOP\WATERDISPLAYROOT\DEVELOPMENT\WATERDISPLAYKERNELCONFIGFILE-PLAY (1-9-12)\RELEASE\WATERDISPLAY.EXE
C:\USERS\WATERDISPLAY\DESKTOP\WATERDISPLAYROOT\DEVELOPMENT\WATERDISPLAYKERNELCONFIGFILE-PLAY (1-9-12)\RELEASE\WATERDISPLAY.EXE.INTERMEDIATE.MANIFEST
C:\USERS\WATERDISPLAY\DESKTOP\WATERDISPLAYROOT\DEVELOPMENT\WATERDISPLAYKERNELCONFIGFILE-PLAY (1-9-12)\RELEASE\WATERDISPLAY.PDB
C:\USERS\WATERDISPLAY\DESKTOP\WATERDISPLAYROOT\DEVELOPMENT\WATERDISPLAYKERNELCONFIGFILE-PLAY (1-9-12)\RELEASE\WATERDISPLAYINFO.OBJ
C:\USERS\WATERDISPLAY\DESKTOP\WATERDISPLAYROOT\DEVELOPMENT\WATERDISPLAYKERNELCONFIGFILE-PLAY (1-9-12)\RELEASE\WDDLAYER.OBJ
C:\USERS\WATERDISPLAY\DESKTOP\WATERDISPLAYROOT\DEVELOPMENT\WATERDISPLAYKERNELCONFIGFILE-PLAY (1-9-12)\RELEASE\XMOSCONFIG.OBJ
C:\USERS\WATERDISPLAY\DESKTOP\WATERDISPLAYROOT\DEVELOPMENT\WATERDISPLAYKERNELCONFIGFILE-PLAY (1-9-12)\RELEASE\XMOSCONTROLPLUGIN.OBJ
C:\USERS\WATERDISPLAY\DESKTOP\WATERDISPLAYROOT\DEVELOPMENT\WATERDISPLAY-STABLE\RELEASE\ASYNCTRIGGEREX.OBJ
C:\USERS\WATERDISPLAY\DESKTOP\WATERDISPLAYROOT\DEVELOPMENT\WATERDISPLAY-STABLE\RELEASE\BASEAPPLICATION.OBJ
C:\Users\WaterDisplay\Desktop\WaterDisplayRoot\development\WaterDisplay-Stable\Release\bgfg_codebook.obj
C:\USERS\WATERDISPLAY\DESKTOP\WATERDISPLAYROOT\DEVELOPMENT\WATERDISPLAY-STABLE\RELEASE\BLOB.OBJ
C:\USERS\WATERDISPLAY\DESKTOP\WATERDISPLAYROOT\DEVELOPMENT\WATERDISPLAY-STABLE\RELEASE\CAMERAMANAGER.OBJ
C:\USERS\WATERDISPLAY\DESKTOP\WATERDISPLAYROOT\DEVELOPMENT\WATERDISPLAY-STABLE\RELEASE\CAMERAOISCONTROLLER.OBJ
C:\Users\WaterDisplay\Desktop\WaterDisplayRoot\development\WaterDisplay-Stable\Release\cl.command.1.tlog
C:\Users\WaterDisplay\Desktop\WaterDisplayRoot\development\WaterDisplay-Stable\Release\CL.read.1.tlog
C:\Users\WaterDisplay\Desktop\WaterDisplayRoot\development\WaterDisplay-Stable\Release\CL.write.1.tlog
C:\USERS\WATERDISPLAY\DESKTOP\WATERDISPLAYROOT\DEVELOPMENT\WATERDISPLAY-STABLE\RELEASE\COMPOSITEOGREAPPLICATION.OBJ
C:\USERS\WATERDISPLAY\DESKTOP\WATERDISPLAYROOT\DEVELOPMENT\WATERDISPLAY-STABLE\RELEASE\COMTOOLKIT.OBJ
C:\USERS\WATERDISPLAY\DESKTOP\WATERDISPLAYROOT\DEVELOPMENT\WATERDISPLAY-STABLE\RELEASE\CYCLEOUTPUT.OBJ
C:\USERS\WATERDISPLAY\DESKTOP\WATERDISPLAYROOT\DEVELOPMENT\WATERDISPLAY-STABLE\RELEASE\HOMOGRAPHY.OBJ
C:\USERS\WATERDISPLAY\DESKTOP\WATERDISPLAYROOT\DEVELOPMENT\WATERDISPLAY-STABLE\RELEASE\ICALLIBRATIONENGINE.OBJ
C:\USERS\WATERDISPLAY\DESKTOP\WATERDISPLAYROOT\DEVELOPMENT\WATERDISPLAY-STABLE\RELEASE\ICLOCK.OBJ
C:\USERS\WATERDISPLAY\DESKTOP\WATERDISPLAYROOT\DEVELOPMENT\WATERDISPLAY-STABLE\RELEASE\IEVENTPRODUCER.OBJ
C:\USERS\WATERDISPLAY\DESKTOP\WATERDISPLAYROOT\DEVELOPMENT\WATERDISPLAY-STABLE\RELEASE\IMAGEPROCESSER.OBJ
C:\USERS\WATERDISPLAY\DESKTOP\WATERDISPLAYROOT\DEVELOPMENT\WATERDISPLAY-STABLE\RELEASE\INPUTMANAGER.OBJ
C:\USERS\WATERDISPLAY\DESKTOP\WATERDISPLAYROOT\DEVELOPMENT\WATERDISPLAY-STABLE\RELEASE\INPUTSENSOR.OBJ
C:\USERS\WATERDISPLAY\DESKTOP\WATERDISPLAYROOT\DEVELOPMENT\WATERDISPLAY-STABLE\RELEASE\INPUTSUBSYSTEM.OBJ
C:\USERS\WATERDISPLAY\DESKTOP\WATERDISPLAYROOT\DEVELOPMENT\WATERDISPLAY-STABLE\RELEASE\LAYERSIMULATION.OBJ
C:\Users\WaterDisplay\Desktop\WaterDisplayRoot\development\WaterDisplay-Stable\Release\link.command.1.tlog
C:\Users\WaterDisplay\Desktop\WaterDisplayRoot\development\WaterDisplay-Stable\Release\link.read.1.tlog
C:\Users\WaterDisplay\Desktop\WaterDisplayRoot\development\WaterDisplay-Stable\Release\link.write.1.tlog
C:\USERS\WATERDISPLAY\DESKTOP\WATERDISPLAYROOT\DEVELOPMENT\WATERDISPLAY-STABLE\RELEASE\MAIN.OBJ
C:\Users\WaterDisplay\Desktop\WaterDisplayRoot\development\WaterDisplay-Stable\Release\mt.command.1.tlog
C:\Users\WaterDisplay\Desktop\WaterDisplayRoot\development\WaterDisplay-Stable\Release\mt.read.1.tlog
C:\Users\WaterDisplay\Desktop\WaterDisplayRoot\development\WaterDisplay-Stable\Release\mt.write.1.tlog
C:\USERS\WATERDISPLAY\DESKTOP\WATERDISPLAYROOT\DEVELOPMENT\WATERDISPLAY-STABLE\RELEASE\OPENCVCALLIBRATIONENGINEV2.OBJ
C:\USERS\WATERDISPLAY\DESKTOP\WATERDISPLAYROOT\DEVELOPMENT\WATERDISPLAY-STABLE\RELEASE\POINTGREYIMAGEPROCESSER.OBJ
C:\USERS\WATERDISPLAY\DESKTOP\WATERDISPLAYROOT\DEVELOPMENT\WATERDISPLAY-STABLE\RELEASE\RTTAPPLICATION.OBJ
C:\USERS\WATERDISPLAY\DESKTOP\WATERDISPLAYROOT\DEVELOPMENT\WATERDISPLAY-STABLE\RELEASE\SIMPLESEGMENTATION.OBJ
C:\USERS\WATERDISPLAY\DESKTOP\WATERDISPLAYROOT\DEVELOPMENT\WATERDISPLAY-STABLE\RELEASE\SIMPLESEGMENTATION2.OBJ
C:\Users\WaterDisplay\Desktop\WaterDisplayRoot\development\WaterDisplay-Stable\Release\TutorialApplication.obj
C:\USERS\WATERDISPLAY\DESKTOP\WATERDISPLAYROOT\DEVELOPMENT\WATERDISPLAY-STABLE\RELEASE\VARIABLEPARAMETER.OBJ
C:\USERS\WATERDISPLAY\DESKTOP\WATERDISPLAYROOT\DEVELOPMENT\WATERDISPLAY-STABLE\RELEASE\VARIABLEPARAMETEREVENTOBSERVER.OBJ
C:\USERS\WATERDISPLAY\DESKTOP\WATERDISPLAYROOT\DEVELOPMENT\WATERDISPLAY-STABLE\RELEASE\VC100.PDB
C:\USERS\WATERDISPLAY\DESKTOP\WATERDISPLAYROOT\DEVELOPMENT\WATERDISPLAY-STABLE\RELEASE\VIDEOCLOCK.OBJ
C:\USERS\WATERDISPLAY\DESKTOP\WATERDISPLAYROOT\DEVELOPMENT\WATERDISPLAY-STABLE\RELEASE\WATERDISPLAY.EXE
C:\USERS\WATERDISPLAY\DESKTOP\WATERDISPLAYROOT\DEVELOPMENT\WATERDISPLAY-STABLE\RELEASE\WATERDISPLAY.EXE.INTERMEDIATE.MANIFEST
C:\USERS\WATERDISPLAY\DESKTOP\WATERDISPLAYROOT\DEVELOPMENT\WATERDISPLAY-STABLE\RELEASE\WATERDISPLAY.PDB
C:\Users\WaterDisplay\Desktop\WaterDisplayRoot\development\WaterDisplay-Stable\Release\WaterDisplay.write.1.tlog
C:\USERS\WATERDISPLAY\DESKTOP\WATERDISPLAYROOT\DEVELOPMENT\WATERDISPLAY-STABLE\RELEASE\WATERDISPLAYINFO.OBJ
C:\USERS\WATERDISPLAY\DESKTOP\WATERDISPLAYROOT\DEVELOPMENT\WATERDISPLAY-STABLE\RELEASE\WDDLAYER.OBJ
C:\USERS\WATERDISPLAY\DESKTOP\WATERDISPLAYROOT\DEVELOPMENT\WATERDISPLAY-STABLE\RELEASE\XMOSCONFIG.OBJ
C:\USERS\WATERDISPLAY\DESKTOP\WATERDISPLAYROOT\DEVELOPMENT\WATERDISPLAY-STABLE\RELEASE\XMOSCONTROLPLUGIN.OBJ
